d:\acetwo\visual studio 2015\projects\180301_hew\spacefox\debug\vc140.pdb
d:\acetwo\visual studio 2015\projects\180301_hew\spacefox\debug\vc140.idb
d:\acetwo\visual studio 2015\projects\180301_hew\spacefox\debug\main.obj
d:\acetwo\visual studio 2015\projects\180301_hew\spacefox\debug\map.obj
d:\acetwo\visual studio 2015\projects\180301_hew\spacefox\debug\mathwk.obj
d:\acetwo\visual studio 2015\projects\180301_hew\spacefox\debug\pause.obj
d:\acetwo\visual studio 2015\projects\180301_hew\spacefox\debug\player homing.obj
d:\acetwo\visual studio 2015\projects\180301_hew\spacefox\debug\player option.obj
d:\acetwo\visual studio 2015\projects\180301_hew\spacefox\debug\player.obj
d:\acetwo\visual studio 2015\projects\180301_hew\spacefox\debug\polygon.obj
d:\acetwo\visual studio 2015\projects\180301_hew\spacefox\debug\reticule.obj
d:\acetwo\visual studio 2015\projects\180301_hew\spacefox\debug\score.obj
d:\acetwo\visual studio 2015\projects\180301_hew\spacefox\debug\shadow.obj
d:\acetwo\visual studio 2015\projects\180301_hew\spacefox\debug\skill.obj
d:\acetwo\visual studio 2015\projects\180301_hew\spacefox\debug\skybox.obj
d:\acetwo\visual studio 2015\projects\180301_hew\spacefox\debug\sound.obj
d:\acetwo\visual studio 2015\projects\180301_hew\spacefox\debug\stagemanager.obj
d:\acetwo\visual studio 2015\projects\180301_hew\spacefox\debug\target.obj
d:\acetwo\visual studio 2015\projects\180301_hew\spacefox\debug\textureanime.obj
d:\acetwo\visual studio 2015\projects\180301_hew\spacefox\debug\title.obj
d:\acetwo\visual studio 2015\projects\180301_hew\spacefox\debug\ui.obj
d:\acetwo\visual studio 2015\projects\180301_hew\spacefox\debug\wait.obj
d:\acetwo\visual studio 2015\projects\180301_hew\spacefox\debug\boost_gauge.obj
d:\acetwo\visual studio 2015\projects\180301_hew\spacefox\debug\bullet.obj
d:\acetwo\visual studio 2015\projects\180301_hew\spacefox\debug\camera.obj
d:\acetwo\visual studio 2015\projects\180301_hew\spacefox\debug\check hit.obj
d:\acetwo\visual studio 2015\projects\180301_hew\spacefox\debug\cockpit.obj
d:\acetwo\visual studio 2015\projects\180301_hew\spacefox\debug\dbd.obj
d:\acetwo\visual studio 2015\projects\180301_hew\spacefox\debug\effect.obj
d:\acetwo\visual studio 2015\projects\180301_hew\spacefox\debug\enmaction.obj
d:\acetwo\visual studio 2015\projects\180301_hew\spacefox\debug\environment hub.obj
d:\acetwo\visual studio 2015\projects\180301_hew\spacefox\debug\fade.obj
d:\acetwo\visual studio 2015\projects\180301_hew\spacefox\debug\game.obj
d:\acetwo\visual studio 2015\projects\180301_hew\spacefox\debug\hp_gauge.obj
d:\acetwo\visual studio 2015\projects\180301_hew\spacefox\debug\input.obj
d:\acetwo\visual studio 2015\projects\180301_hew\spacefox\debug\laser.obj
d:\acetwo\visual studio 2015\projects\180301_hew\spacefox\debug\light.obj
d:\acetwo\visual studio 2015\projects\180301_hew\spacefox\debug\loadenmdb.obj
d:\acetwo\visual studio 2015\projects\180301_hew\spacefox\debug\lockon.obj
d:\acetwo\visual studio 2015\projects\180301_hew\spacefox\debug\explosion.obj
d:\acetwo\visual studio 2015\projects\180301_hew\spacefox\debug\gameover.obj
d:\acetwo\visual studio 2015\projects\180301_hew\spacefox\debug\result.obj
d:\acetwo\visual studio 2015\projects\180301_hew\debug\spacefox.ilk
d:\acetwo\visual studio 2015\projects\180301_hew\debug\spacefox.exe
d:\acetwo\visual studio 2015\projects\180301_hew\debug\spacefox.pdb
d:\acetwo\visual studio 2015\projects\180301_hew\spacefox\debug\spacefox.tlog\cl.command.1.tlog
d:\acetwo\visual studio 2015\projects\180301_hew\spacefox\debug\spacefox.tlog\cl.read.1.tlog
d:\acetwo\visual studio 2015\projects\180301_hew\spacefox\debug\spacefox.tlog\cl.write.1.tlog
d:\acetwo\visual studio 2015\projects\180301_hew\spacefox\debug\spacefox.tlog\link.command.1.tlog
d:\acetwo\visual studio 2015\projects\180301_hew\spacefox\debug\spacefox.tlog\link.read.1.tlog
d:\acetwo\visual studio 2015\projects\180301_hew\spacefox\debug\spacefox.tlog\link.write.1.tlog
