d:\acetwo\visual studio 2015\projects\180307_hew\spacefox\release\vc140.pdb
d:\acetwo\visual studio 2015\projects\180307_hew\spacefox\release\main.obj
d:\acetwo\visual studio 2015\projects\180307_hew\spacefox\release\lockon.obj
d:\acetwo\visual studio 2015\projects\180307_hew\spacefox\release\loadenmdb.obj
d:\acetwo\visual studio 2015\projects\180307_hew\spacefox\release\light.obj
d:\acetwo\visual studio 2015\projects\180307_hew\spacefox\release\laser.obj
d:\acetwo\visual studio 2015\projects\180307_hew\spacefox\release\input.obj
d:\acetwo\visual studio 2015\projects\180307_hew\spacefox\release\hp_gauge.obj
d:\acetwo\visual studio 2015\projects\180307_hew\spacefox\release\gameover.obj
d:\acetwo\visual studio 2015\projects\180307_hew\spacefox\release\game.obj
d:\acetwo\visual studio 2015\projects\180307_hew\spacefox\release\fade.obj
d:\acetwo\visual studio 2015\projects\180307_hew\spacefox\release\explosion.obj
d:\acetwo\visual studio 2015\projects\180307_hew\spacefox\release\environment hub.obj
d:\acetwo\visual studio 2015\projects\180307_hew\spacefox\release\enmaction.obj
d:\acetwo\visual studio 2015\projects\180307_hew\spacefox\release\effect.obj
d:\acetwo\visual studio 2015\projects\180307_hew\spacefox\release\dbd.obj
d:\acetwo\visual studio 2015\projects\180307_hew\spacefox\release\cockpit.obj
d:\acetwo\visual studio 2015\projects\180307_hew\spacefox\release\check hit.obj
d:\acetwo\visual studio 2015\projects\180307_hew\spacefox\release\camera.obj
d:\acetwo\visual studio 2015\projects\180307_hew\spacefox\release\boost_gauge.obj
d:\acetwo\visual studio 2015\projects\180307_hew\spacefox\release\wait.obj
d:\acetwo\visual studio 2015\projects\180307_hew\spacefox\release\ui.obj
d:\acetwo\visual studio 2015\projects\180307_hew\spacefox\release\title.obj
d:\acetwo\visual studio 2015\projects\180307_hew\spacefox\release\textureanime.obj
d:\acetwo\visual studio 2015\projects\180307_hew\spacefox\release\target.obj
d:\acetwo\visual studio 2015\projects\180307_hew\spacefox\release\stagemanager.obj
d:\acetwo\visual studio 2015\projects\180307_hew\spacefox\release\sound.obj
d:\acetwo\visual studio 2015\projects\180307_hew\spacefox\release\skybox.obj
d:\acetwo\visual studio 2015\projects\180307_hew\spacefox\release\skill.obj
d:\acetwo\visual studio 2015\projects\180307_hew\spacefox\release\shadow.obj
d:\acetwo\visual studio 2015\projects\180307_hew\spacefox\release\score.obj
d:\acetwo\visual studio 2015\projects\180307_hew\spacefox\release\reticule.obj
d:\acetwo\visual studio 2015\projects\180307_hew\spacefox\release\result.obj
d:\acetwo\visual studio 2015\projects\180307_hew\spacefox\release\polygon.obj
d:\acetwo\visual studio 2015\projects\180307_hew\spacefox\release\player homing.obj
d:\acetwo\visual studio 2015\projects\180307_hew\spacefox\release\pause.obj
d:\acetwo\visual studio 2015\projects\180307_hew\spacefox\release\mathwk.obj
d:\acetwo\visual studio 2015\projects\180307_hew\spacefox\release\map.obj
d:\acetwo\visual studio 2015\projects\180307_hew\spacefox\release\zdarkfantasy.obj
d:\acetwo\visual studio 2015\projects\180307_hew\spacefox\release\spacefox.tlog\cl.command.1.tlog
d:\acetwo\visual studio 2015\projects\180307_hew\spacefox\release\spacefox.tlog\cl.read.1.tlog
d:\acetwo\visual studio 2015\projects\180307_hew\spacefox\release\spacefox.tlog\cl.write.1.tlog
